<?xml version="1.0" encoding="UTF-8"?>
<!-- Generated by org.testng.reporters.JUnitReportReporter -->
<testsuite skipped="1" hostname="DESKTOP-UAHLVC7" name="tests.LoginTest" tests="3" failures="0" timestamp="05 Apr 2019 01:24:55 GMT" time="15.251" errors="0">
  <testcase name="TC001" time="8.225" classname="tests.LoginTest"/>
  <testcase name="TC001" time="7.026" classname="tests.LoginTest"/>
  <testcase name="TC002" classname="tests.LoginTest">
    <skipped/>
  </testcase> <!-- TC002 -->
</testsuite> <!-- tests.LoginTest -->
